1653316546032	geckodriver	INFO	Listening on 127.0.0.1:22609
1653316548754	mozrunner::runner	INFO	Running command: "D:\\Mozilla Firefox\\firefox.exe" "--marionette" "--headless" "--remote-debugging-port" "22610" "-no-remote" "-profile" "C:\\Users\\zy\\AppData\\Local\\Temp\\rust_mozprofilefa4aBZ"
*** You are running in headless mode.
1653316550540	Marionette	INFO	Marionette enabled
[GFX1-]: RenderCompositorSWGL failed mapping default framebuffer, no dt
console.warn: SearchSettings: "get: No settings file exists, new profile?" (new NotFoundError("Could not open the file at C:\\Users\\zy\\AppData\\Local\\Temp\\rust_mozprofilefa4aBZ\\search.json.mozlz4", (void 0)))
DevTools listening on ws://localhost:22610/devtools/browser/afb972db-325c-4b90-8b21-3c1939d22fe2
1653316552000	Marionette	INFO	Listening on port 22621
1653316552473	RemoteAgent	WARN	TLS certificate errors will be ignored for this session
JavaScript warning: https://s1.hdslb.com/bfs/seed/log/report/log-reporter.js, line 1: WebGL context was lost.
JavaScript warning: https://s1.hdslb.com/bfs/seed/log/report/log-reporter.js, line 1: WEBGL_debug_renderer_info is deprecated in Firefox and will be removed. Please use RENDERER.
JavaScript warning: https://s1.hdslb.com/bfs/seed/log/report/log-reporter.js, line 1: WebGL context was lost.
JavaScript warning: https://s1.hdslb.com/bfs/seed/log/report/log-reporter.js, line 1: WebGL context was lost.
JavaScript warning: https://s1.hdslb.com/bfs/seed/log/report/log-reporter.js, line 1: WEBGL_debug_renderer_info is deprecated in Firefox and will be removed. Please use RENDERER.
JavaScript warning: https://s1.hdslb.com/bfs/seed/log/report/log-reporter.js, line 1: WebGL context was lost.
JavaScript error: https://s1.hdslb.com/bfs/seed/log/report/log-reporter.js, line 1: TypeError: a.a.getCookie(...) is null
JavaScript warning: https://s1.hdslb.com/bfs/seed/log/report/log-reporter.js, line 1: WebGL context was lost.
JavaScript warning: https://s1.hdslb.com/bfs/seed/log/report/log-reporter.js, line 1: WEBGL_debug_renderer_info is deprecated in Firefox and will be removed. Please use RENDERER.
JavaScript warning: https://s1.hdslb.com/bfs/seed/log/report/log-reporter.js, line 1: WebGL context was lost.
JavaScript warning: https://s1.hdslb.com/bfs/seed/log/report/log-reporter.js, line 1: WebGL context was lost.
JavaScript warning: https://s1.hdslb.com/bfs/seed/log/report/log-reporter.js, line 1: WEBGL_debug_renderer_info is deprecated in Firefox and will be removed. Please use RENDERER.
JavaScript warning: https://s1.hdslb.com/bfs/seed/log/report/log-reporter.js, line 1: WebGL context was lost.
JavaScript warning: https://s1.hdslb.com/bfs/seed/log/report/log-reporter.js, line 1: WebGL context was lost.
JavaScript warning: https://s1.hdslb.com/bfs/seed/log/report/log-reporter.js, line 1: WEBGL_debug_renderer_info is deprecated in Firefox and will be removed. Please use RENDERER.
JavaScript warning: https://s1.hdslb.com/bfs/seed/log/report/log-reporter.js, line 1: WebGL context was lost.
JavaScript warning: https://s1.hdslb.com/bfs/seed/log/report/log-reporter.js, line 1: WebGL context was lost.
JavaScript warning: https://s1.hdslb.com/bfs/seed/log/report/log-reporter.js, line 1: WEBGL_debug_renderer_info is deprecated in Firefox and will be removed. Please use RENDERER.
JavaScript warning: https://s1.hdslb.com/bfs/seed/log/report/log-reporter.js, line 1: WebGL context was lost.
